<?xml version="1.0" encoding="UTF-8"?>
<Site BuildName="Win32-MSBuild"
	BuildStamp="20250316-0142-Experimental"
	Name="DELL-Rojo-WEP"
	Generator="ctest-3.31.6"
	CompilerName="C:/Program Files (x86)/Microsoft Visual Studio/2022/BuildTools/VC/Tools/MSVC/14.43.34808/bin/Hostx64/x64/cl.exe"
	CompilerVersion="19.43.34809.0"
	OSName="Windows"
	Hostname="DELL-Rojo-WEP"
	OSRelease=" Professional"
	OSVersion=" (Build 19045)"
	OSPlatform="AMD64"
	Is64Bits="1"
	VendorString="GenuineIntel"
	VendorID="Intel Corporation"
	FamilyID="6"
	ModelID="13"
	ModelName=""
	ProcessorCacheSize="-1"
	NumberOfLogicalCPU="4"
	NumberOfPhysicalCPU="2"
	TotalVirtualMemory="17299"
	TotalPhysicalMemory="8083"
	LogicalProcessorsPerPhysical="2"
	ProcessorClockFrequency="2394"
	>
	<Testing>
		<StartDateTime>Mar 16 17:22 Hora est. Pac[NON-UTF-8-BYTE-0xED]fico, Sudam[NON-UTF-8-BYTE-0xE9]rica</StartDateTime>
		<StartTestTime>1742163731</StartTestTime>
		<TestList/>
		<EndDateTime>Mar 16 17:22 Hora est. Pac[NON-UTF-8-BYTE-0xED]fico, Sudam[NON-UTF-8-BYTE-0xE9]rica</EndDateTime>
		<EndTestTime>1742163731</EndTestTime>
		<ElapsedMinutes>0</ElapsedMinutes>
	</Testing>
</Site>
